2016-03-14 13:15:59,113 - Refreshing org.springframework.context.annotation.AnnotationConfigApplicationContext@3a5ed7a6: startup date [Mon Mar 14 13:15:59 GMT 2016]; root of context hierarchy
2016-03-14 13:15:59,290 - START SUPER SIMPLE STOCKS DEMO =================
2016-03-14 13:15:59,290 - 

2016-03-14 13:15:59,291 - GOOG: BOUGHT 9 shares at £3.699646413417606
2016-03-14 13:15:59,292 - GOOG: SOLD   1 shares at £2.7563440363615332
2016-03-14 13:16:00,292 - GOOG: BOUGHT 4 shares at £1.0391591141831509
2016-03-14 13:16:00,292 - GOOG: SOLD   4 shares at £4.483813587323699
2016-03-14 13:16:01,293 - GOOG: BOUGHT 7 shares at £9.64112886340788
2016-03-14 13:16:01,293 - GOOG: SOLD   2 shares at £2.49936789146535
2016-03-14 13:16:02,294 - GOOG: BOUGHT 9 shares at £5.102523854722531
2016-03-14 13:16:02,294 - GOOG: SOLD   3 shares at £8.69853644636676
2016-03-14 13:16:03,295 - GOOG: BOUGHT 1 shares at £4.379086978926535
2016-03-14 13:16:03,295 - GOOG: SOLD   5 shares at £6.509312518383265
2016-03-14 13:16:04,296 - GOOG: BOUGHT 3 shares at £2.8000283579642145
2016-03-14 13:16:04,296 - GOOG: SOLD   9 shares at £2.4076740951053033
2016-03-14 13:16:05,297 - GOOG: BOUGHT 3 shares at £8.092237049632208
2016-03-14 13:16:05,297 - GOOG: SOLD   9 shares at £4.4504067498897
2016-03-14 13:16:06,298 - GOOG: BOUGHT 4 shares at £5.234007541376189
2016-03-14 13:16:06,298 - GOOG: SOLD   3 shares at £4.413890219368104
2016-03-14 13:16:07,299 - GOOG: BOUGHT 8 shares at £3.425551935042826
2016-03-14 13:16:07,299 - GOOG: SOLD   9 shares at £4.329161951744649
2016-03-14 13:16:08,300 - GOOG: BOUGHT 1 shares at £7.292690225744743
2016-03-14 13:16:08,300 - GOOG: SOLD   3 shares at £9.506735569213047
2016-03-14 13:16:09,301 - 

2016-03-14 13:16:09,301 - Final calculations for GOOG:
2016-03-14 13:16:09,302 - GOOG- Dividend: 4.628297450755985
2016-03-14 13:16:09,302 - GOOG- P/E Ratio: 1.188341946151631
2016-03-14 13:16:09,303 - GOOG- Price: £9.506735569213047
2016-03-14 13:16:09,305 - GOOG- Volume Weighted Stock Price: £4.562743620294077
2016-03-14 13:16:09,305 - =======================
2016-03-14 13:16:09,306 - 

2016-03-14 13:16:09,306 - ARM: BOUGHT 1 shares at £3.494117939352401
2016-03-14 13:16:09,306 - ARM: SOLD   7 shares at £5.179317339527929
2016-03-14 13:16:10,307 - ARM: BOUGHT 1 shares at £5.972128527118169
2016-03-14 13:16:10,307 - ARM: SOLD   3 shares at £6.060685674856172
2016-03-14 13:16:11,308 - ARM: BOUGHT 6 shares at £2.978755186971661
2016-03-14 13:16:11,308 - ARM: SOLD   6 shares at £7.445373801283527
2016-03-14 13:16:12,309 - ARM: BOUGHT 8 shares at £6.388568585997908
2016-03-14 13:16:12,309 - ARM: SOLD   5 shares at £9.495440721393805
2016-03-14 13:16:13,310 - ARM: BOUGHT 8 shares at £4.461741711311581
2016-03-14 13:16:13,310 - ARM: SOLD   5 shares at £5.3550205351351154
2016-03-14 13:16:14,311 - ARM: BOUGHT 2 shares at £8.418834424514971
2016-03-14 13:16:14,311 - ARM: SOLD   5 shares at £6.7916341961403175
2016-03-14 13:16:15,312 - ARM: BOUGHT 7 shares at £2.944263752057365
2016-03-14 13:16:15,312 - ARM: SOLD   5 shares at £3.910484243187271
2016-03-14 13:16:16,312 - ARM: BOUGHT 8 shares at £6.616216736210749
2016-03-14 13:16:16,312 - ARM: SOLD   5 shares at £5.4792224511475744
2016-03-14 13:16:17,313 - ARM: BOUGHT 3 shares at £6.714562557106743
2016-03-14 13:16:17,313 - ARM: SOLD   1 shares at £8.544462588215461
2016-03-14 13:16:18,314 - ARM: BOUGHT 2 shares at £6.754122404036558
2016-03-14 13:16:18,314 - ARM: SOLD   6 shares at £2.7627496556404543
2016-03-14 13:16:19,315 - 

2016-03-14 13:16:19,315 - Final calculations for ARM:
2016-03-14 13:16:19,316 - ARM- Dividend: 5.067415345222277
2016-03-14 13:16:19,316 - ARM- P/E Ratio: 0.1973392611171753
2016-03-14 13:16:19,317 - ARM- Price: £2.7627496556404543
2016-03-14 13:16:19,317 - ARM- Volume Weighted Stock Price: £5.820614426375912
2016-03-14 13:16:19,317 - =======================
2016-03-14 13:16:19,318 - 

2016-03-14 13:16:19,318 - AAPL: BOUGHT 4 shares at £3.574028294771984
2016-03-14 13:16:19,318 - AAPL: SOLD   6 shares at £3.0846439404740886
2016-03-14 13:16:20,319 - AAPL: BOUGHT 2 shares at £7.869924791648991
2016-03-14 13:16:20,319 - AAPL: SOLD   8 shares at £8.417301421249373
2016-03-14 13:16:21,320 - AAPL: BOUGHT 7 shares at £4.544833683215768
2016-03-14 13:16:21,320 - AAPL: SOLD   6 shares at £3.1351959536985334
2016-03-14 13:16:22,321 - AAPL: BOUGHT 4 shares at £2.754906581007298
2016-03-14 13:16:22,321 - AAPL: SOLD   9 shares at £6.283035120458652
2016-03-14 13:16:23,322 - AAPL: BOUGHT 5 shares at £3.9396307778400876
2016-03-14 13:16:23,322 - AAPL: SOLD   7 shares at £5.42649436622816
2016-03-14 13:16:24,323 - AAPL: BOUGHT 4 shares at £1.7011043520306575
2016-03-14 13:16:24,323 - AAPL: SOLD   9 shares at £1.1828871578042783
2016-03-14 13:16:25,325 - AAPL: BOUGHT 4 shares at £2.5937219014473176
2016-03-14 13:16:25,326 - AAPL: SOLD   2 shares at £8.723714861764105
2016-03-14 13:16:26,326 - AAPL: BOUGHT 8 shares at £4.884982789721217
2016-03-14 13:16:26,326 - AAPL: SOLD   6 shares at £7.446318825460234
2016-03-14 13:16:27,327 - AAPL: BOUGHT 5 shares at £6.713373931582541
2016-03-14 13:16:27,327 - AAPL: SOLD   9 shares at £7.091140584929705
2016-03-14 13:16:28,328 - AAPL: BOUGHT 7 shares at £4.718799756732695
2016-03-14 13:16:28,328 - AAPL: SOLD   1 shares at £1.1622292118057838
2016-03-14 13:16:29,329 - 

2016-03-14 13:16:29,329 - Final calculations for AAPL:
2016-03-14 13:16:29,329 - AAPL- Dividend: 13.336439871372079
2016-03-14 13:16:29,330 - AAPL- P/E Ratio: 0.07498252979392153
2016-03-14 13:16:29,330 - AAPL- Price: £1.1622292118057838
2016-03-14 13:16:29,330 - AAPL- Volume Weighted Stock Price: £5.183864724794719
2016-03-14 13:16:29,330 - =======================
2016-03-14 13:16:29,330 - 

2016-03-14 13:16:29,330 - YHOO: BOUGHT 4 shares at £3.2082362813969887
2016-03-14 13:16:29,331 - YHOO: SOLD   1 shares at £3.0560489724737323
2016-03-14 13:16:30,344 - YHOO: BOUGHT 9 shares at £5.799192887028558
2016-03-14 13:16:30,345 - YHOO: SOLD   2 shares at £5.9301609242913855
2016-03-14 13:16:31,345 - YHOO: BOUGHT 7 shares at £4.732921231857876
2016-03-14 13:16:31,345 - YHOO: SOLD   2 shares at £1.1424922514378584
2016-03-14 13:16:32,345 - YHOO: BOUGHT 2 shares at £5.516067789613518
2016-03-14 13:16:32,345 - YHOO: SOLD   6 shares at £5.054597046029027
2016-03-14 13:16:33,346 - YHOO: BOUGHT 8 shares at £2.9691020764667657
2016-03-14 13:16:33,346 - YHOO: SOLD   6 shares at £2.4506377032502504
2016-03-14 13:16:34,347 - YHOO: BOUGHT 9 shares at £3.04537504186099
2016-03-14 13:16:34,347 - YHOO: SOLD   5 shares at £7.163541387681924
2016-03-14 13:16:35,347 - YHOO: BOUGHT 7 shares at £1.2474457822862461
2016-03-14 13:16:35,347 - YHOO: SOLD   2 shares at £9.706016871613723
2016-03-14 13:16:36,347 - YHOO: BOUGHT 8 shares at £7.370349231929103
2016-03-14 13:16:36,347 - YHOO: SOLD   9 shares at £8.034283841042676
2016-03-14 13:16:37,348 - YHOO: BOUGHT 6 shares at £1.928329497733543
2016-03-14 13:16:37,348 - YHOO: SOLD   6 shares at £2.792758433469488
2016-03-14 13:16:38,349 - YHOO: BOUGHT 8 shares at £5.294280958738149
2016-03-14 13:16:38,349 - YHOO: SOLD   3 shares at £4.5010173248781244
2016-03-14 13:16:39,350 - 

2016-03-14 13:16:39,350 - Final calculations for YHOO:
2016-03-14 13:16:39,351 - YHOO- Dividend: 0.3332579929673157
2016-03-14 13:16:39,351 - YHOO- P/E Ratio: 3.0006782165854164
2016-03-14 13:16:39,351 - YHOO- Price: £4.5010173248781244
2016-03-14 13:16:39,352 - YHOO- Volume Weighted Stock Price: £5.1828425955440975
2016-03-14 13:16:39,352 - =======================
2016-03-14 13:16:39,352 - 

2016-03-14 13:16:39,353 - JPM: BOUGHT 7 shares at £7.034602922777031
2016-03-14 13:16:39,353 - JPM: SOLD   9 shares at £4.569173311277099
2016-03-14 13:16:40,353 - JPM: BOUGHT 4 shares at £5.263690283066753
2016-03-14 13:16:40,353 - JPM: SOLD   1 shares at £2.995644340789601
2016-03-14 13:16:41,354 - JPM: BOUGHT 2 shares at £6.806514811509448
2016-03-14 13:16:41,354 - JPM: SOLD   4 shares at £9.417851173037672
2016-03-14 13:16:42,355 - JPM: BOUGHT 6 shares at £3.3872634068618357
2016-03-14 13:16:42,355 - JPM: SOLD   2 shares at £4.172126502722742
2016-03-14 13:16:43,356 - JPM: BOUGHT 6 shares at £5.238035146322659
2016-03-14 13:16:43,356 - JPM: SOLD   6 shares at £9.400166244648196
2016-03-14 13:16:44,356 - JPM: BOUGHT 9 shares at £7.767448697429082
2016-03-14 13:16:44,356 - JPM: SOLD   6 shares at £5.079019264098023
2016-03-14 13:16:45,356 - JPM: BOUGHT 8 shares at £1.1339928021981929
2016-03-14 13:16:45,356 - JPM: SOLD   4 shares at £5.923489820367238
2016-03-14 13:16:46,356 - JPM: BOUGHT 3 shares at £3.52695744258514
2016-03-14 13:16:46,356 - JPM: SOLD   4 shares at £4.526761892541351
2016-03-14 13:16:47,356 - JPM: BOUGHT 7 shares at £9.343224286867358
2016-03-14 13:16:47,356 - JPM: SOLD   4 shares at £6.421976852938635
2016-03-14 13:16:48,357 - JPM: BOUGHT 9 shares at £5.378037490523425
2016-03-14 13:16:48,357 - JPM: SOLD   8 shares at £2.5158768075749176
2016-03-14 13:16:49,357 - 

2016-03-14 13:16:49,357 - Final calculations for JPM:
2016-03-14 13:16:49,357 - JPM- Dividend: 7.949514833072541
2016-03-14 13:16:49,357 - JPM- P/E Ratio: 0.3144846009468647
2016-03-14 13:16:49,358 - JPM- Price: £2.5158768075749176
2016-03-14 13:16:49,358 - JPM- Volume Weighted Stock Price: £5.513018825340525
2016-03-14 13:16:49,358 - =======================
2016-03-14 13:16:49,358 - 

2016-03-14 13:16:49,358 - GBCE All Share Index: 1.8286591034293378
2016-03-14 13:16:49,359 - 

2016-03-14 13:16:49,359 - =======================
2016-03-14 13:16:49,359 - 

2016-03-14 13:16:49,359 - End of demo.
